0 info it worked if it ends with ok
1 verbose cli [ 'C:\\Program Files\\nodejs\\node.exe',
1 verbose cli   'C:\\Program Files\\nodejs\\node_modules\\npm\\bin\\npm-cli.js',
1 verbose cli   'install',
1 verbose cli   'sleep' ]
2 info using npm@3.10.10
3 info using node@v6.9.4
4 silly loadCurrentTree Starting
5 silly install loadCurrentTree
6 silly install readLocalPackageData
7 silly fetchPackageMetaData sleep
8 silly fetchNamedPackageData sleep
9 silly mapToRegistry name sleep
10 silly mapToRegistry using default registry
11 silly mapToRegistry registry https://registry.npmjs.org/
12 silly mapToRegistry data Result {
12 silly mapToRegistry   raw: 'sleep',
12 silly mapToRegistry   scope: null,
12 silly mapToRegistry   escapedName: 'sleep',
12 silly mapToRegistry   name: 'sleep',
12 silly mapToRegistry   rawSpec: '',
12 silly mapToRegistry   spec: 'latest',
12 silly mapToRegistry   type: 'tag' }
13 silly mapToRegistry uri https://registry.npmjs.org/sleep
14 verbose request uri https://registry.npmjs.org/sleep
15 verbose request no auth needed
16 info attempt registry request try #1 at 3:48:58 PM
17 verbose request id e69c867cb9854de3
18 http request GET https://registry.npmjs.org/sleep
19 http 200 https://registry.npmjs.org/sleep
20 verbose headers { 'content-type': 'application/json; charset=UTF-8',
20 verbose headers   server: 'UploadServer',
20 verbose headers   'cache-control': 'max-age=300',
20 verbose headers   'last-modified': 'Tue, 23 Jan 2018 17:24:58 GMT',
20 verbose headers   etag: '"5a676fea-575b"',
20 verbose headers   'x-npm-region': 'US-West',
20 verbose headers   'content-encoding': 'gzip',
20 verbose headers   'content-length': '3110',
20 verbose headers   'accept-ranges': 'bytes',
20 verbose headers   date: 'Tue, 03 Apr 2018 22:48:58 GMT',
20 verbose headers   via: '1.1 varnish',
20 verbose headers   age: '13475',
20 verbose headers   connection: 'keep-alive',
20 verbose headers   'x-served-by': 'cache-sjc3132-SJC',
20 verbose headers   'x-cache': 'HIT',
20 verbose headers   'x-cache-hits': '1',
20 verbose headers   'x-timer': 'S1522795739.965488,VS0,VE1',
20 verbose headers   vary: 'Accept-Encoding, Accept' }
21 silly get cb [ 200,
21 silly get   { 'content-type': 'application/json; charset=UTF-8',
21 silly get     server: 'UploadServer',
21 silly get     'cache-control': 'max-age=300',
21 silly get     'last-modified': 'Tue, 23 Jan 2018 17:24:58 GMT',
21 silly get     etag: '"5a676fea-575b"',
21 silly get     'x-npm-region': 'US-West',
21 silly get     'content-encoding': 'gzip',
21 silly get     'content-length': '3110',
21 silly get     'accept-ranges': 'bytes',
21 silly get     date: 'Tue, 03 Apr 2018 22:48:58 GMT',
21 silly get     via: '1.1 varnish',
21 silly get     age: '13475',
21 silly get     connection: 'keep-alive',
21 silly get     'x-served-by': 'cache-sjc3132-SJC',
21 silly get     'x-cache': 'HIT',
21 silly get     'x-cache-hits': '1',
21 silly get     'x-timer': 'S1522795739.965488,VS0,VE1',
21 silly get     vary: 'Accept-Encoding, Accept' } ]
22 verbose get saving sleep to C:\Users\kai\AppData\Roaming\npm-cache\registry.npmjs.org\sleep\.cache.json
23 verbose correctMkdir C:\Users\kai\AppData\Roaming\npm-cache correctMkdir not in flight; initializing
24 silly install normalizeTree
25 silly loadCurrentTree Finishing
26 silly loadIdealTree Starting
27 silly install loadIdealTree
28 silly cloneCurrentTree Starting
29 silly install cloneCurrentTreeToIdealTree
30 silly cloneCurrentTree Finishing
31 silly loadShrinkwrap Starting
32 silly install loadShrinkwrap
33 silly loadShrinkwrap Finishing
34 silly loadAllDepsIntoIdealTree Starting
35 silly install loadAllDepsIntoIdealTree
36 silly resolveWithNewModule sleep@5.1.1 checking installable status
37 silly cache add args [ 'sleep', null ]
38 verbose cache add spec sleep
39 silly cache add parsed spec Result {
39 silly cache add   raw: 'sleep',
39 silly cache add   scope: null,
39 silly cache add   escapedName: 'sleep',
39 silly cache add   name: 'sleep',
39 silly cache add   rawSpec: '',
39 silly cache add   spec: 'latest',
39 silly cache add   type: 'tag' }
40 silly addNamed sleep@latest
41 verbose addNamed "latest" is being treated as a dist-tag for sleep
42 info addNameTag [ 'sleep', 'latest' ]
43 silly mapToRegistry name sleep
44 silly mapToRegistry using default registry
45 silly mapToRegistry registry https://registry.npmjs.org/
46 silly mapToRegistry data Result {
46 silly mapToRegistry   raw: 'sleep',
46 silly mapToRegistry   scope: null,
46 silly mapToRegistry   escapedName: 'sleep',
46 silly mapToRegistry   name: 'sleep',
46 silly mapToRegistry   rawSpec: '',
46 silly mapToRegistry   spec: 'latest',
46 silly mapToRegistry   type: 'tag' }
47 silly mapToRegistry uri https://registry.npmjs.org/sleep
48 verbose addNameTag registry:https://registry.npmjs.org/sleep not in flight; fetching
49 verbose get https://registry.npmjs.org/sleep not expired, no request
50 silly addNameTag next cb for sleep with tag latest
51 silly addNamed sleep@5.1.1
52 verbose addNamed "5.1.1" is a plain semver version for sleep
53 silly mapToRegistry name sleep
54 silly mapToRegistry using default registry
55 silly mapToRegistry registry https://registry.npmjs.org/
56 silly mapToRegistry data Result {
56 silly mapToRegistry   raw: 'sleep',
56 silly mapToRegistry   scope: null,
56 silly mapToRegistry   escapedName: 'sleep',
56 silly mapToRegistry   name: 'sleep',
56 silly mapToRegistry   rawSpec: '',
56 silly mapToRegistry   spec: 'latest',
56 silly mapToRegistry   type: 'tag' }
57 silly mapToRegistry uri https://registry.npmjs.org/sleep
58 verbose addRemoteTarball https://registry.npmjs.org/sleep/-/sleep-5.1.1.tgz not in flight; adding
59 verbose addRemoteTarball [ 'https://registry.npmjs.org/sleep/-/sleep-5.1.1.tgz',
59 verbose addRemoteTarball   '878fa1d44d08eeb0f26fb2018ef8629eb1a3ab94' ]
60 info retry fetch attempt 1 at 3:48:58 PM
61 info attempt registry request try #1 at 3:48:58 PM
62 http fetch GET https://registry.npmjs.org/sleep/-/sleep-5.1.1.tgz
63 http fetch 200 https://registry.npmjs.org/sleep/-/sleep-5.1.1.tgz
64 silly fetchAndShaCheck shasum 878fa1d44d08eeb0f26fb2018ef8629eb1a3ab94
65 verbose addTmpTarball C:\Users\kai\AppData\Local\Temp\npm-14260-9ce05846\registry.npmjs.org\sleep\-\sleep-5.1.1.tgz not in flight; adding
66 verbose addTmpTarball already have metadata; skipping unpack for sleep@5.1.1
67 verbose correctMkdir C:\Users\kai\AppData\Roaming\npm-cache correctMkdir not in flight; initializing
68 silly cache afterAdd sleep@5.1.1
69 verbose afterAdd C:\Users\kai\AppData\Roaming\npm-cache\sleep\5.1.1\package\package.json not in flight; writing
70 verbose correctMkdir C:\Users\kai\AppData\Roaming\npm-cache correctMkdir not in flight; initializing
71 verbose afterAdd C:\Users\kai\AppData\Roaming\npm-cache\sleep\5.1.1\package\package.json written
72 silly fetchNamedPackageData nan
73 silly mapToRegistry name nan
74 silly mapToRegistry using default registry
75 silly mapToRegistry registry https://registry.npmjs.org/
76 silly mapToRegistry data Result {
76 silly mapToRegistry   raw: 'nan',
76 silly mapToRegistry   scope: null,
76 silly mapToRegistry   escapedName: 'nan',
76 silly mapToRegistry   name: 'nan',
76 silly mapToRegistry   rawSpec: '',
76 silly mapToRegistry   spec: 'latest',
76 silly mapToRegistry   type: 'tag' }
77 silly mapToRegistry uri https://registry.npmjs.org/nan
78 verbose request uri https://registry.npmjs.org/nan
79 verbose request no auth needed
80 info attempt registry request try #1 at 3:48:58 PM
81 verbose etag "5aabecc7-229f2"
82 verbose lastModified Fri, 16 Mar 2018 16:11:51 GMT
83 http request GET https://registry.npmjs.org/nan
84 http 304 https://registry.npmjs.org/nan
85 verbose headers { date: 'Tue, 03 Apr 2018 22:48:59 GMT',
85 verbose headers   via: '1.1 varnish',
85 verbose headers   'cache-control': 'max-age=300',
85 verbose headers   etag: '"5aabecc7-229f2"',
85 verbose headers   age: '4506',
85 verbose headers   connection: 'keep-alive',
85 verbose headers   'x-served-by': 'cache-sjc3132-SJC',
85 verbose headers   'x-cache': 'HIT',
85 verbose headers   'x-cache-hits': '24',
85 verbose headers   'x-timer': 'S1522795739.160627,VS0,VE0',
85 verbose headers   vary: 'Accept-Encoding, Accept' }
86 silly get cb [ 304,
86 silly get   { date: 'Tue, 03 Apr 2018 22:48:59 GMT',
86 silly get     via: '1.1 varnish',
86 silly get     'cache-control': 'max-age=300',
86 silly get     etag: '"5aabecc7-229f2"',
86 silly get     age: '4506',
86 silly get     connection: 'keep-alive',
86 silly get     'x-served-by': 'cache-sjc3132-SJC',
86 silly get     'x-cache': 'HIT',
86 silly get     'x-cache-hits': '24',
86 silly get     'x-timer': 'S1522795739.160627,VS0,VE0',
86 silly get     vary: 'Accept-Encoding, Accept' } ]
87 verbose etag https://registry.npmjs.org/nan from cache
88 verbose get saving nan to C:\Users\kai\AppData\Roaming\npm-cache\registry.npmjs.org\nan\.cache.json
89 verbose correctMkdir C:\Users\kai\AppData\Roaming\npm-cache correctMkdir not in flight; initializing
90 silly resolveWithNewModule nan@2.10.0 checking installable status
91 silly cache add args [ 'nan@>=2.5.1', null ]
92 verbose cache add spec nan@>=2.5.1
93 silly cache add parsed spec Result {
93 silly cache add   raw: 'nan@>=2.5.1',
93 silly cache add   scope: null,
93 silly cache add   escapedName: 'nan',
93 silly cache add   name: 'nan',
93 silly cache add   rawSpec: '>=2.5.1',
93 silly cache add   spec: '>=2.5.1',
93 silly cache add   type: 'range' }
94 silly addNamed nan@>=2.5.1
95 verbose addNamed ">=2.5.1" is a valid semver range for nan
96 silly addNameRange { name: 'nan', range: '>=2.5.1', hasData: false }
97 silly mapToRegistry name nan
98 silly mapToRegistry using default registry
99 silly mapToRegistry registry https://registry.npmjs.org/
100 silly mapToRegistry data Result {
100 silly mapToRegistry   raw: 'nan',
100 silly mapToRegistry   scope: null,
100 silly mapToRegistry   escapedName: 'nan',
100 silly mapToRegistry   name: 'nan',
100 silly mapToRegistry   rawSpec: '',
100 silly mapToRegistry   spec: 'latest',
100 silly mapToRegistry   type: 'tag' }
101 silly mapToRegistry uri https://registry.npmjs.org/nan
102 verbose addNameRange registry:https://registry.npmjs.org/nan not in flight; fetching
103 verbose get https://registry.npmjs.org/nan not expired, no request
104 silly addNameRange number 2 { name: 'nan', range: '>=2.5.1', hasData: true }
105 silly addNameRange versions [ 'nan',
105 silly addNameRange   [ '0.3.0-wip',
105 silly addNameRange     '0.3.0-wip2',
105 silly addNameRange     '0.3.0',
105 silly addNameRange     '0.3.1',
105 silly addNameRange     '0.3.2',
105 silly addNameRange     '0.4.0',
105 silly addNameRange     '0.4.1',
105 silly addNameRange     '0.4.2',
105 silly addNameRange     '0.4.3',
105 silly addNameRange     '0.4.4',
105 silly addNameRange     '0.5.0',
105 silly addNameRange     '0.5.1',
105 silly addNameRange     '0.5.2',
105 silly addNameRange     '0.6.0',
105 silly addNameRange     '0.7.0',
105 silly addNameRange     '0.7.1',
105 silly addNameRange     '0.8.0',
105 silly addNameRange     '1.0.0',
105 silly addNameRange     '1.1.0',
105 silly addNameRange     '1.1.1',
105 silly addNameRange     '1.1.2',
105 silly addNameRange     '1.2.0',
105 silly addNameRange     '1.3.0',
105 silly addNameRange     '1.4.0',
105 silly addNameRange     '1.4.1',
105 silly addNameRange     '1.5.0',
105 silly addNameRange     '1.4.2',
105 silly addNameRange     '1.4.3',
105 silly addNameRange     '1.5.1',
105 silly addNameRange     '1.5.2',
105 silly addNameRange     '1.6.0',
105 silly addNameRange     '1.5.3',
105 silly addNameRange     '1.6.1',
105 silly addNameRange     '1.6.2',
105 silly addNameRange     '1.7.0',
105 silly addNameRange     '1.8.0',
105 silly addNameRange     '1.8.1',
105 silly addNameRange     '1.8.2',
105 silly addNameRange     '1.8.3',
105 silly addNameRange     '1.8.4',
105 silly addNameRange     '1.9.0',
105 silly addNameRange     '2.0.0',
105 silly addNameRange     '2.0.1',
105 silly addNameRange     '2.0.2',
105 silly addNameRange     '2.0.3',
105 silly addNameRange     '2.0.4',
105 silly addNameRange     '2.0.5',
105 silly addNameRange     '2.0.6',
105 silly addNameRange     '2.0.7',
105 silly addNameRange     '2.0.8',
105 silly addNameRange     '2.0.9',
105 silly addNameRange     '2.1.0',
105 silly addNameRange     '2.2.0',
105 silly addNameRange     '2.2.1',
105 silly addNameRange     '2.3.0',
105 silly addNameRange     '2.3.1',
105 silly addNameRange     '2.3.2',
105 silly addNameRange     '2.3.3',
105 silly addNameRange     '2.3.4',
105 silly addNameRange     '2.3.5',
105 silly addNameRange     '2.4.0',
105 silly addNameRange     '2.5.0',
105 silly addNameRange     '2.5.1',
105 silly addNameRange     '2.6.0',
105 silly addNameRange     '2.6.1',
105 silly addNameRange     '2.6.2',
105 silly addNameRange     '2.7.0',
105 silly addNameRange     '2.8.0',
105 silly addNameRange     '2.9.1',
105 silly addNameRange     '2.9.2',
105 silly addNameRange     '2.10.0' ] ]
106 silly addNamed nan@2.10.0
107 verbose addNamed "2.10.0" is a plain semver version for nan
108 silly cache afterAdd nan@2.10.0
109 verbose afterAdd C:\Users\kai\AppData\Roaming\npm-cache\nan\2.10.0\package\package.json not in flight; writing
110 verbose correctMkdir C:\Users\kai\AppData\Roaming\npm-cache correctMkdir not in flight; initializing
111 verbose afterAdd C:\Users\kai\AppData\Roaming\npm-cache\nan\2.10.0\package\package.json written
112 silly loadAllDepsIntoIdealTree Finishing
113 silly loadIdealTree Finishing
114 silly currentTree thefindingofisaac@1.0.0
114 silly currentTree +-- ajv@5.5.2
114 silly currentTree +-- asn1@0.2.3
114 silly currentTree +-- assert-plus@1.0.0
114 silly currentTree +-- asynckit@0.4.0
114 silly currentTree +-- aws-sign2@0.7.0
114 silly currentTree +-- aws4@1.6.0
114 silly currentTree +-- bcrypt-pbkdf@1.0.1
114 silly currentTree +-- boom@4.3.1
114 silly currentTree +-- caseless@0.12.0
114 silly currentTree +-- co@4.6.0
114 silly currentTree +-- combined-stream@1.0.6
114 silly currentTree +-- core-util-is@1.0.2
114 silly currentTree +-- cryptiles@3.1.2
114 silly currentTree | `-- boom@5.2.0
114 silly currentTree +-- dashdash@1.14.1
114 silly currentTree +-- delayed-stream@1.0.0
114 silly currentTree +-- ecc-jsbn@0.1.1
114 silly currentTree +-- extend@3.0.1
114 silly currentTree +-- extsprintf@1.3.0
114 silly currentTree +-- fast-deep-equal@1.1.0
114 silly currentTree +-- fast-json-stable-stringify@2.0.0
114 silly currentTree +-- forever-agent@0.6.1
114 silly currentTree +-- form-data@2.3.2
114 silly currentTree +-- getpass@0.1.7
114 silly currentTree +-- har-schema@2.0.0
114 silly currentTree +-- har-validator@5.0.3
114 silly currentTree +-- hawk@6.0.2
114 silly currentTree +-- hoek@4.2.1
114 silly currentTree +-- http-signature@1.2.0
114 silly currentTree +-- is-typedarray@1.0.0
114 silly currentTree +-- isstream@0.1.2
114 silly currentTree +-- jsbn@0.1.1
114 silly currentTree +-- json-schema-traverse@0.3.1
114 silly currentTree +-- json-schema@0.2.3
114 silly currentTree +-- json-stringify-safe@5.0.1
114 silly currentTree +-- jsprim@1.4.1
114 silly currentTree +-- mime-db@1.33.0
114 silly currentTree +-- mime-types@2.1.18
114 silly currentTree +-- oauth-sign@0.8.2
114 silly currentTree +-- performance-now@2.1.0
114 silly currentTree +-- punycode@1.4.1
114 silly currentTree +-- qs@6.5.1
114 silly currentTree +-- request@2.85.0
114 silly currentTree +-- safe-buffer@5.1.1
114 silly currentTree +-- sntp@2.1.0
114 silly currentTree +-- sshpk@1.14.1
114 silly currentTree +-- stringstream@0.0.5
114 silly currentTree +-- tough-cookie@2.3.4
114 silly currentTree +-- tunnel-agent@0.6.0
114 silly currentTree +-- tweetnacl@0.14.5
114 silly currentTree +-- uuid@3.2.1
114 silly currentTree `-- verror@1.10.0
115 silly idealTree thefindingofisaac@1.0.0
115 silly idealTree +-- ajv@5.5.2
115 silly idealTree +-- asn1@0.2.3
115 silly idealTree +-- assert-plus@1.0.0
115 silly idealTree +-- asynckit@0.4.0
115 silly idealTree +-- aws-sign2@0.7.0
115 silly idealTree +-- aws4@1.6.0
115 silly idealTree +-- bcrypt-pbkdf@1.0.1
115 silly idealTree +-- boom@4.3.1
115 silly idealTree +-- caseless@0.12.0
115 silly idealTree +-- co@4.6.0
115 silly idealTree +-- combined-stream@1.0.6
115 silly idealTree +-- core-util-is@1.0.2
115 silly idealTree +-- cryptiles@3.1.2
115 silly idealTree | `-- boom@5.2.0
115 silly idealTree +-- dashdash@1.14.1
115 silly idealTree +-- delayed-stream@1.0.0
115 silly idealTree +-- ecc-jsbn@0.1.1
115 silly idealTree +-- extend@3.0.1
115 silly idealTree +-- extsprintf@1.3.0
115 silly idealTree +-- fast-deep-equal@1.1.0
115 silly idealTree +-- fast-json-stable-stringify@2.0.0
115 silly idealTree +-- forever-agent@0.6.1
115 silly idealTree +-- form-data@2.3.2
115 silly idealTree +-- getpass@0.1.7
115 silly idealTree +-- har-schema@2.0.0
115 silly idealTree +-- har-validator@5.0.3
115 silly idealTree +-- hawk@6.0.2
115 silly idealTree +-- hoek@4.2.1
115 silly idealTree +-- http-signature@1.2.0
115 silly idealTree +-- is-typedarray@1.0.0
115 silly idealTree +-- isstream@0.1.2
115 silly idealTree +-- jsbn@0.1.1
115 silly idealTree +-- json-schema-traverse@0.3.1
115 silly idealTree +-- json-schema@0.2.3
115 silly idealTree +-- json-stringify-safe@5.0.1
115 silly idealTree +-- jsprim@1.4.1
115 silly idealTree +-- mime-db@1.33.0
115 silly idealTree +-- mime-types@2.1.18
115 silly idealTree +-- nan@2.10.0
115 silly idealTree +-- oauth-sign@0.8.2
115 silly idealTree +-- performance-now@2.1.0
115 silly idealTree +-- punycode@1.4.1
115 silly idealTree +-- qs@6.5.1
115 silly idealTree +-- request@2.85.0
115 silly idealTree +-- safe-buffer@5.1.1
115 silly idealTree +-- sleep@5.1.1
115 silly idealTree +-- sntp@2.1.0
115 silly idealTree +-- sshpk@1.14.1
115 silly idealTree +-- stringstream@0.0.5
115 silly idealTree +-- tough-cookie@2.3.4
115 silly idealTree +-- tunnel-agent@0.6.0
115 silly idealTree +-- tweetnacl@0.14.5
115 silly idealTree +-- uuid@3.2.1
115 silly idealTree `-- verror@1.10.0
116 silly generateActionsToTake Starting
117 silly install generateActionsToTake
118 silly generateActionsToTake Finishing
119 silly diffTrees action count 2
120 silly diffTrees add nan@2.10.0
121 silly diffTrees add sleep@5.1.1
122 silly decomposeActions action count 16
123 silly decomposeActions fetch nan@2.10.0
124 silly decomposeActions extract nan@2.10.0
125 silly decomposeActions test nan@2.10.0
126 silly decomposeActions preinstall nan@2.10.0
127 silly decomposeActions build nan@2.10.0
128 silly decomposeActions install nan@2.10.0
129 silly decomposeActions postinstall nan@2.10.0
130 silly decomposeActions finalize nan@2.10.0
131 silly decomposeActions fetch sleep@5.1.1
132 silly decomposeActions extract sleep@5.1.1
133 silly decomposeActions test sleep@5.1.1
134 silly decomposeActions preinstall sleep@5.1.1
135 silly decomposeActions build sleep@5.1.1
136 silly decomposeActions install sleep@5.1.1
137 silly decomposeActions postinstall sleep@5.1.1
138 silly decomposeActions finalize sleep@5.1.1
139 silly runTopLevelLifecycles Starting
140 silly executeActions Starting
141 silly install executeActions
142 silly doSerial global-install 0
143 silly doParallel fetch 2
144 verbose correctMkdir C:\Users\kai\AppData\Roaming\npm-cache\_locks correctMkdir not in flight; initializing
145 verbose lock using C:\Users\kai\AppData\Roaming\npm-cache\_locks\staging-51820c1998ad30dc.lock for c:\source\thefindingofisaac\node_modules\.staging
146 silly doParallel extract 2
147 silly extract nan@2.10.0
148 silly extract sleep@5.1.1
149 verbose unbuild node_modules\.staging\nan-299eb0f4
150 verbose unbuild node_modules\.staging\sleep-1f9bcdf0
151 silly gentlyRm c:\source\thefindingofisaac\node_modules\.staging\nan-299eb0f4 is being purged from base c:\source\thefindingofisaac
152 verbose gentlyRm don't care about contents; nuking c:\source\thefindingofisaac\node_modules\.staging\nan-299eb0f4
153 silly gentlyRm c:\source\thefindingofisaac\node_modules\.staging\sleep-1f9bcdf0 is being purged from base c:\source\thefindingofisaac
154 verbose gentlyRm don't care about contents; nuking c:\source\thefindingofisaac\node_modules\.staging\sleep-1f9bcdf0
155 verbose tar unpack C:\Users\kai\AppData\Roaming\npm-cache\nan\2.10.0\package.tgz
156 verbose tar unpacking to c:\source\thefindingofisaac\node_modules\.staging\nan-299eb0f4
157 silly gentlyRm c:\source\thefindingofisaac\node_modules\.staging\nan-299eb0f4 is being purged
158 verbose gentlyRm don't care about contents; nuking c:\source\thefindingofisaac\node_modules\.staging\nan-299eb0f4
159 verbose tar unpack C:\Users\kai\AppData\Roaming\npm-cache\sleep\5.1.1\package.tgz
160 verbose tar unpacking to c:\source\thefindingofisaac\node_modules\.staging\sleep-1f9bcdf0
161 silly gentlyRm c:\source\thefindingofisaac\node_modules\.staging\sleep-1f9bcdf0 is being purged
162 verbose gentlyRm don't care about contents; nuking c:\source\thefindingofisaac\node_modules\.staging\sleep-1f9bcdf0
163 silly gunzTarPerm modes [ '777', '666' ]
164 silly gunzTarPerm modes [ '777', '666' ]
165 silly gunzTarPerm extractEntry package.json
166 silly gunzTarPerm modified mode [ 'package.json', 436, 438 ]
167 silly gunzTarPerm extractEntry package.json
168 silly gunzTarPerm modified mode [ 'package.json', 436, 438 ]
169 silly gunzTarPerm extractEntry .npmignore
170 silly gunzTarPerm modified mode [ '.npmignore', 436, 438 ]
171 silly gunzTarPerm extractEntry README.md
172 silly gunzTarPerm modified mode [ 'README.md', 436, 438 ]
173 silly gunzTarPerm extractEntry CHANGELOG.md
174 silly gunzTarPerm modified mode [ 'CHANGELOG.md', 436, 438 ]
175 silly gunzTarPerm extractEntry include_dirs.js
176 silly gunzTarPerm modified mode [ 'include_dirs.js', 436, 438 ]
177 silly gunzTarPerm extractEntry test.js
178 silly gunzTarPerm modified mode [ 'test.js', 436, 438 ]
179 silly gunzTarPerm extractEntry index.js
180 silly gunzTarPerm modified mode [ 'index.js', 436, 438 ]
181 silly gunzTarPerm extractEntry LICENSE.md
182 silly gunzTarPerm modified mode [ 'LICENSE.md', 436, 438 ]
183 silly gunzTarPerm extractEntry nan_callbacks_12_inl.h
184 silly gunzTarPerm modified mode [ 'nan_callbacks_12_inl.h', 436, 438 ]
185 silly gunzTarPerm extractEntry nan_callbacks_pre_12_inl.h
186 silly gunzTarPerm modified mode [ 'nan_callbacks_pre_12_inl.h', 436, 438 ]
187 silly gunzTarPerm extractEntry nan_callbacks.h
188 silly gunzTarPerm modified mode [ 'nan_callbacks.h', 436, 438 ]
189 silly gunzTarPerm extractEntry nan_converters_43_inl.h
190 silly gunzTarPerm modified mode [ 'nan_converters_43_inl.h', 436, 438 ]
191 silly gunzTarPerm extractEntry nan_converters_pre_43_inl.h
192 silly gunzTarPerm modified mode [ 'nan_converters_pre_43_inl.h', 436, 438 ]
193 silly gunzTarPerm extractEntry LICENSE.txt
194 silly gunzTarPerm modified mode [ 'LICENSE.txt', 436, 438 ]
195 silly gunzTarPerm extractEntry sleep.cc
196 silly gunzTarPerm modified mode [ 'sleep.cc', 436, 438 ]
197 silly gunzTarPerm extractEntry nan_converters.h
198 silly gunzTarPerm modified mode [ 'nan_converters.h', 436, 438 ]
199 silly gunzTarPerm extractEntry nan_define_own_property_helper.h
200 silly gunzTarPerm modified mode [ 'nan_define_own_property_helper.h', 436, 438 ]
201 silly gunzTarPerm extractEntry nan_implementation_12_inl.h
202 silly gunzTarPerm modified mode [ 'nan_implementation_12_inl.h', 436, 438 ]
203 silly gunzTarPerm extractEntry nan_implementation_pre_12_inl.h
204 silly gunzTarPerm modified mode [ 'nan_implementation_pre_12_inl.h', 436, 438 ]
205 silly gunzTarPerm extractEntry nan_json.h
206 silly gunzTarPerm modified mode [ 'nan_json.h', 436, 438 ]
207 silly gunzTarPerm extractEntry nan_maybe_43_inl.h
208 silly gunzTarPerm modified mode [ 'nan_maybe_43_inl.h', 436, 438 ]
209 silly gunzTarPerm extractEntry binding.gyp
210 silly gunzTarPerm modified mode [ 'binding.gyp', 436, 438 ]
211 silly gunzTarPerm extractEntry nan_maybe_pre_43_inl.h
212 silly gunzTarPerm modified mode [ 'nan_maybe_pre_43_inl.h', 436, 438 ]
213 silly gunzTarPerm extractEntry nan_new.h
214 silly gunzTarPerm modified mode [ 'nan_new.h', 436, 438 ]
215 silly gunzTarPerm extractEntry nan_object_wrap.h
216 silly gunzTarPerm modified mode [ 'nan_object_wrap.h', 436, 438 ]
217 silly gunzTarPerm extractEntry nan_persistent_12_inl.h
218 silly gunzTarPerm modified mode [ 'nan_persistent_12_inl.h', 436, 438 ]
219 silly gunzTarPerm extractEntry nan_persistent_pre_12_inl.h
220 silly gunzTarPerm modified mode [ 'nan_persistent_pre_12_inl.h', 436, 438 ]
221 silly gunzTarPerm extractEntry nan_private.h
222 silly gunzTarPerm modified mode [ 'nan_private.h', 436, 438 ]
223 silly gunzTarPerm extractEntry nan_string_bytes.h
224 silly gunzTarPerm modified mode [ 'nan_string_bytes.h', 436, 438 ]
225 silly gunzTarPerm extractEntry nan_typedarray_contents.h
226 silly gunzTarPerm modified mode [ 'nan_typedarray_contents.h', 436, 438 ]
227 silly gunzTarPerm extractEntry nan_weak.h
228 silly gunzTarPerm modified mode [ 'nan_weak.h', 436, 438 ]
229 silly gunzTarPerm extractEntry nan.h
230 silly gunzTarPerm modified mode [ 'nan.h', 436, 438 ]
231 silly gunzTarPerm extractEntry README.md
232 silly gunzTarPerm modified mode [ 'README.md', 436, 438 ]
233 silly gunzTarPerm extractEntry doc/asyncworker.md
234 silly gunzTarPerm modified mode [ 'doc/asyncworker.md', 436, 438 ]
235 silly gunzTarPerm extractEntry doc/buffers.md
236 silly gunzTarPerm modified mode [ 'doc/buffers.md', 436, 438 ]
237 silly gunzTarPerm extractEntry doc/callback.md
238 silly gunzTarPerm modified mode [ 'doc/callback.md', 436, 438 ]
239 silly gunzTarPerm extractEntry doc/converters.md
240 silly gunzTarPerm modified mode [ 'doc/converters.md', 436, 438 ]
241 silly gunzTarPerm extractEntry doc/errors.md
242 silly gunzTarPerm modified mode [ 'doc/errors.md', 436, 438 ]
243 silly gunzTarPerm extractEntry doc/json.md
244 silly gunzTarPerm modified mode [ 'doc/json.md', 436, 438 ]
245 silly gunzTarPerm extractEntry doc/maybe_types.md
246 silly gunzTarPerm modified mode [ 'doc/maybe_types.md', 436, 438 ]
247 silly gunzTarPerm extractEntry doc/methods.md
248 silly gunzTarPerm modified mode [ 'doc/methods.md', 436, 438 ]
249 silly gunzTarPerm extractEntry doc/new.md
250 silly gunzTarPerm modified mode [ 'doc/new.md', 436, 438 ]
251 silly gunzTarPerm extractEntry doc/node_misc.md
252 silly gunzTarPerm modified mode [ 'doc/node_misc.md', 436, 438 ]
253 silly gunzTarPerm extractEntry doc/object_wrappers.md
254 silly gunzTarPerm modified mode [ 'doc/object_wrappers.md', 436, 438 ]
255 silly gunzTarPerm extractEntry doc/persistent.md
256 silly gunzTarPerm modified mode [ 'doc/persistent.md', 436, 438 ]
257 silly gentlyRm c:\source\thefindingofisaac\node_modules\.staging\sleep-1f9bcdf0\node_modules is being purged
258 verbose gentlyRm don't care about contents; nuking c:\source\thefindingofisaac\node_modules\.staging\sleep-1f9bcdf0\node_modules
259 silly gunzTarPerm extractEntry doc/scopes.md
260 silly gunzTarPerm modified mode [ 'doc/scopes.md', 436, 438 ]
261 silly gunzTarPerm extractEntry doc/script.md
262 silly gunzTarPerm modified mode [ 'doc/script.md', 436, 438 ]
263 silly gunzTarPerm extractEntry doc/string_bytes.md
264 silly gunzTarPerm modified mode [ 'doc/string_bytes.md', 436, 438 ]
265 silly gunzTarPerm extractEntry doc/v8_internals.md
266 silly gunzTarPerm modified mode [ 'doc/v8_internals.md', 436, 438 ]
267 silly gunzTarPerm extractEntry doc/v8_misc.md
268 silly gunzTarPerm modified mode [ 'doc/v8_misc.md', 436, 438 ]
269 silly gunzTarPerm extractEntry tools/1to2.js
270 silly gunzTarPerm modified mode [ 'tools/1to2.js', 509, 511 ]
271 silly gunzTarPerm extractEntry tools/package.json
272 silly gunzTarPerm modified mode [ 'tools/package.json', 436, 438 ]
273 silly gunzTarPerm extractEntry tools/README.md
274 silly gunzTarPerm modified mode [ 'tools/README.md', 436, 438 ]
275 silly gentlyRm c:\source\thefindingofisaac\node_modules\.staging\nan-299eb0f4\node_modules is being purged
276 verbose gentlyRm don't care about contents; nuking c:\source\thefindingofisaac\node_modules\.staging\nan-299eb0f4\node_modules
277 silly doParallel preinstall 2
278 silly preinstall nan@2.10.0 c:\source\thefindingofisaac\node_modules\.staging\nan-299eb0f4
279 info lifecycle nan@2.10.0~preinstall: nan@2.10.0
280 silly preinstall sleep@5.1.1 c:\source\thefindingofisaac\node_modules\.staging\sleep-1f9bcdf0
281 info lifecycle sleep@5.1.1~preinstall: sleep@5.1.1
282 silly lifecycle nan@2.10.0~preinstall: no script for preinstall, continuing
283 silly lifecycle sleep@5.1.1~preinstall: no script for preinstall, continuing
284 silly doReverseSerial remove 0
285 silly doSerial move 0
286 silly doSerial finalize 2
287 silly finalize c:\source\thefindingofisaac\node_modules\nan
288 silly finalize c:\source\thefindingofisaac\node_modules\sleep
289 silly doSerial build 2
290 silly build nan@2.10.0
291 info linkStuff nan@2.10.0
292 silly linkStuff nan@2.10.0 has c:\source\thefindingofisaac\node_modules as its parent node_modules
293 verbose linkBins nan@2.10.0
294 verbose linkMans nan@2.10.0
295 silly build sleep@5.1.1
296 info linkStuff sleep@5.1.1
297 silly linkStuff sleep@5.1.1 has c:\source\thefindingofisaac\node_modules as its parent node_modules
298 verbose linkBins sleep@5.1.1
299 verbose linkMans sleep@5.1.1
300 silly doSerial global-link 0
301 silly doParallel update-linked 0
302 silly doSerial install 2
303 silly install nan@2.10.0 c:\source\thefindingofisaac\node_modules\.staging\nan-299eb0f4
304 info lifecycle nan@2.10.0~install: nan@2.10.0
305 silly lifecycle nan@2.10.0~install: no script for install, continuing
306 silly install sleep@5.1.1 c:\source\thefindingofisaac\node_modules\.staging\sleep-1f9bcdf0
307 info lifecycle sleep@5.1.1~install: sleep@5.1.1
308 verbose lifecycle sleep@5.1.1~install: unsafe-perm in lifecycle true
309 verbose lifecycle sleep@5.1.1~install: PATH: C:\Program Files\nodejs\node_modules\npm\bin\node-gyp-bin;c:\source\thefindingofisaac\node_modules\sleep\node_modules\.bin;c:\source\thefindingofisaac\node_modules\.bin;C:\Program Files\Haskell\bin;C:\Program Files\Haskell Platform\8.0.2-a\lib\extralibs\bin;C:\Program Files\Haskell Platform\8.0.2-a\bin;C:\Windows\system32;C:\Windows;C:\Windows\System32\Wbem;C:\Windows\System32\WindowsPowerShell\v1.0\;C:\Program Files (x86)\NVIDIA Corporation\PhysX\Common;C:\Program Files (x86)\GtkSharp\2.12\bin;C:\Program Files\Perforce\DVCS\;C:\WINDOWS\system32;C:\WINDOWS;C:\WINDOWS\System32\Wbem;C:\WINDOWS\System32\WindowsPowerShell\v1.0\;c:\bin;C:\Program Files\nodejs\;C:\Program Files (x86)\Windows Kits\8.1\Windows Performance Toolkit\;C:\Program Files\TortoiseGit\bin;C:\Program Files\Haskell Platform\8.0.2-a\mingw\bin;C:\Users\kai\AppData\Roaming\cabal\bin;C:\Users\kai\AppData\Roaming\local\bin;C:\Users\kai\AppData\Local\Microsoft\WindowsApps;C:\Users\kai\AppData\Roaming\npm;C:\source\Python27;C:\Program Files\Heroku\bin;
310 verbose lifecycle sleep@5.1.1~install: CWD: c:\source\thefindingofisaac\node_modules\sleep
311 silly lifecycle sleep@5.1.1~install: Args: [ '/d /s /c', 'node-gyp rebuild' ]
312 silly lifecycle sleep@5.1.1~install: Returned: code: 1  signal: null
313 info lifecycle sleep@5.1.1~install: Failed to exec install script
314 verbose unlock done using C:\Users\kai\AppData\Roaming\npm-cache\_locks\staging-51820c1998ad30dc.lock for c:\source\thefindingofisaac\node_modules\.staging
315 silly rollbackFailedOptional Starting
316 silly rollbackFailedOptional Finishing
317 silly runTopLevelLifecycles Finishing
318 silly install printInstalled
319 verbose stack Error: sleep@5.1.1 install: `node-gyp rebuild`
319 verbose stack Exit status 1
319 verbose stack     at EventEmitter.<anonymous> (C:\Program Files\nodejs\node_modules\npm\lib\utils\lifecycle.js:255:16)
319 verbose stack     at emitTwo (events.js:106:13)
319 verbose stack     at EventEmitter.emit (events.js:191:7)
319 verbose stack     at ChildProcess.<anonymous> (C:\Program Files\nodejs\node_modules\npm\lib\utils\spawn.js:40:14)
319 verbose stack     at emitTwo (events.js:106:13)
319 verbose stack     at ChildProcess.emit (events.js:191:7)
319 verbose stack     at maybeClose (internal/child_process.js:877:16)
319 verbose stack     at Process.ChildProcess._handle.onexit (internal/child_process.js:226:5)
320 verbose pkgid sleep@5.1.1
321 verbose cwd c:\source\thefindingofisaac
322 error Windows_NT 10.0.16299
323 error argv "C:\\Program Files\\nodejs\\node.exe" "C:\\Program Files\\nodejs\\node_modules\\npm\\bin\\npm-cli.js" "install" "sleep"
324 error node v6.9.4
325 error npm  v3.10.10
326 error code ELIFECYCLE
327 error sleep@5.1.1 install: `node-gyp rebuild`
327 error Exit status 1
328 error Failed at the sleep@5.1.1 install script 'node-gyp rebuild'.
328 error Make sure you have the latest version of node.js and npm installed.
328 error If you do, this is most likely a problem with the sleep package,
328 error not with npm itself.
328 error Tell the author that this fails on your system:
328 error     node-gyp rebuild
328 error You can get information on how to open an issue for this project with:
328 error     npm bugs sleep
328 error Or if that isn't available, you can get their info via:
328 error     npm owner ls sleep
328 error There is likely additional logging output above.
329 verbose exit [ 1, true ]
